<?xml version="1.0" encoding="UTF-8"?>
<testng-results ignored="0" total="1" passed="1" failed="0" skipped="0">
  <reporter-output>
  </reporter-output>
  <suite started-at="2024-03-21T15:54:22 IST" name="Default suite" finished-at="2024-03-21T15:54:34 IST" duration-ms="12250">
    <groups>
    </groups>
    <test started-at="2024-03-21T15:54:22 IST" name="Default test" finished-at="2024-03-21T15:54:34 IST" duration-ms="12250">
      <class name="smoke.Tc_Demo_001">
        <test-method signature="demowebshop()[pri:0, instance:smoke.Tc_Demo_001@1cbb87f3]" started-at="2024-03-21T15:54:22 IST" name="demowebshop" finished-at="2024-03-21T15:54:34 IST" duration-ms="12202" status="PASS">
          <reporter-output>
          </reporter-output>
        </test-method> <!-- demowebshop -->
      </class> <!-- smoke.Tc_Demo_001 -->
    </test> <!-- Default test -->
  </suite> <!-- Default suite -->
</testng-results>
